current directory: /Users/gordonl/n/um-arclight5/bundle/ruby/2.5.0/gems/bcrypt-3.1.13/ext/mri
/Users/gordonl/.rbenv/versions/2.5.6/bin/ruby -r ./siteconf20191211-46896-1w7vvec.rb extconf.rb
creating Makefile

current directory: /Users/gordonl/n/um-arclight5/bundle/ruby/2.5.0/gems/bcrypt-3.1.13/ext/mri
make "DESTDIR=" clean

current directory: /Users/gordonl/n/um-arclight5/bundle/ruby/2.5.0/gems/bcrypt-3.1.13/ext/mri
make "DESTDIR="
compiling bcrypt_ext.c
bcrypt_ext.c:17:25: warning: implicit conversion loses integer precision: 'long' to 'int' [-Wshorten-64-to-32]
            NIL_P(input) ? 0 : RSTRING_LEN(input));
                               ^~~~~~~~~~~~~~~~~~
/Users/gordonl/.rbenv/versions/2.5.6/include/ruby-2.5.0/ruby/ruby.h:975:6: note: expanded from macro 'RSTRING_LEN'
     RSTRING_EMBED_LEN(str) : \
     ^~~~~~~~~~~~~~~~~~~~~~
/Users/gordonl/.rbenv/versions/2.5.6/include/ruby-2.5.0/ruby/ruby.h:971:6: note: expanded from macro 'RSTRING_EMBED_LEN'
     (long)((RBASIC(str)->flags >> RSTRING_EMBED_LEN_SHIFT) & \
     ^~~~~~~~~~~~~~~~~~~~~~~~~~~~~~~~~~~~~~~~~~~~~~~~~~~~~~~~~~
bcrypt_ext.c:17:25: warning: implicit conversion loses integer precision: 'long' to 'int' [-Wshorten-64-to-32]
            NIL_P(input) ? 0 : RSTRING_LEN(input));
                               ^~~~~~~~~~~~~~~~~~
/Users/gordonl/.rbenv/versions/2.5.6/include/ruby-2.5.0/ruby/ruby.h:976:28: note: expanded from macro 'RSTRING_LEN'
     RSTRING(str)->as.heap.len)
     ~~~~~~~~~~~~~~~~~~~~~~^~~
2 warnings generated.
compiling crypt_blowfish.c
clang  -D__SKIP_GNU -I/Users/gordonl/.rbenv/versions/2.5.6/include -I/usr/local/opt/readline/include -D_XOPEN_SOURCE -D_DARWIN_C_SOURCE -D_DARWIN_UNLIMITED_SELECT -D_REENTRANT    -c -o x86.o x86.S
compiling crypt_gensalt.c
compiling wrapper.c
linking shared-object bcrypt_ext.bundle
ld: warning: directory not found for option '-L/usr/local/Cellar/openssl/1.0.2s/lib'

current directory: /Users/gordonl/n/um-arclight5/bundle/ruby/2.5.0/gems/bcrypt-3.1.13/ext/mri
make "DESTDIR=" install
/usr/bin/install -c -m 0755 bcrypt_ext.bundle ./.gem.20191211-46896-1o4jay
